Assembler report for WIB_EMULATOR_FPGA
Mon Mar 12 15:48:45 2018
Quartus II 64-Bit Version 14.1.0 Build 186 12/03/2014 SJ Full Version


---------------------
; Table of Contents ;
---------------------
  1. Legal Notice
  2. Assembler Summary
  3. Assembler Settings
  4. Assembler Encrypted IP Cores Summary
  5. Assembler Generated Files
  6. Assembler Device Options: D:/Code/WIB_EMULATOR_FPGA_my_edit - FACE Fix/WIB_EMULATOR_FPGA.sof
  7. Assembler Messages



----------------
; Legal Notice ;
----------------
Copyright (C) 1991-2014 Altera Corporation. All rights reserved.
Your use of Altera Corporation's design tools, logic functions 
and other software and tools, and its AMPP partner logic 
functions, and any output files from any of the foregoing 
(including device programming or simulation files), and any 
associated documentation or information are expressly subject 
to the terms and conditions of the Altera Program License 
Subscription Agreement, the Altera Quartus II License Agreement,
the Altera MegaCore Function License Agreement, or other 
applicable license agreement, including, without limitation, 
that your use is for the sole purpose of programming logic 
devices manufactured by Altera and sold by Altera or its 
authorized distributors.  Please refer to the applicable 
agreement for further details.



+---------------------------------------------------------------+
; Assembler Summary                                             ;
+-----------------------+---------------------------------------+
; Assembler Status      ; Successful - Mon Mar 12 15:48:45 2018 ;
; Revision Name         ; WIB_EMULATOR_FPGA                     ;
; Top-level Entity Name ; WIB_EMULATOR_FPGA                     ;
; Family                ; Arria V                               ;
; Device                ; 5AGXFB3H4F35C4                        ;
+-----------------------+---------------------------------------+


+----------------------------------+
; Assembler Settings               ;
+--------+---------+---------------+
; Option ; Setting ; Default Value ;
+--------+---------+---------------+


+-----------------------------------------------------------+
; Assembler Encrypted IP Cores Summary                      ;
+--------+-----------------------------------+--------------+
; Vendor ; IP Core Name                      ; License Type ;
+--------+-----------------------------------+--------------+
; Altera ; Triple-Speed Ethernet (6AF7 00BD) ; Licensed     ;
; Altera ; Signal Tap (6AF7 BCE1)            ; Licensed     ;
; Altera ; Signal Tap (6AF7 BCEC)            ; Licensed     ;
+--------+-----------------------------------+--------------+


+--------------------------------------------------------------------+
; Assembler Generated Files                                          ;
+--------------------------------------------------------------------+
; File Name                                                          ;
+--------------------------------------------------------------------+
; D:/Code/WIB_EMULATOR_FPGA_my_edit - FACE Fix/WIB_EMULATOR_FPGA.sof ;
+--------------------------------------------------------------------+


+----------------------------------------------------------------------------------------------+
; Assembler Device Options: D:/Code/WIB_EMULATOR_FPGA_my_edit - FACE Fix/WIB_EMULATOR_FPGA.sof ;
+----------------+-----------------------------------------------------------------------------+
; Option         ; Setting                                                                     ;
+----------------+-----------------------------------------------------------------------------+
; Device         ; 5AGXFB3H4F35C4                                                              ;
; JTAG usercode  ; 0x196E00DF                                                                  ;
; Checksum       ; 0x196E00DF                                                                  ;
+----------------+-----------------------------------------------------------------------------+


+--------------------+
; Assembler Messages ;
+--------------------+
Info: *******************************************************************
Info: Running Quartus II 64-Bit Assembler
    Info: Version 14.1.0 Build 186 12/03/2014 SJ Full Version
    Info: Processing started: Mon Mar 12 15:45:58 2018
Info: Command: quartus_asm --read_settings_files=off --write_settings_files=off WIB_EMULATOR_FPGA -c WIB_EMULATOR_FPGA
Info (115030): Assembler is generating device programming files
Info: Quartus II 64-Bit Assembler was successful. 0 errors, 0 warnings
    Info: Peak virtual memory: 1133 megabytes
    Info: Processing ended: Mon Mar 12 15:48:47 2018
    Info: Elapsed time: 00:02:49
    Info: Total CPU time (on all processors): 00:01:20


